<?xml version="1.0" encoding="UTF-8"?>
<testng-results ignored="0" total="3" passed="3" failed="0" skipped="0">
  <reporter-output>
  </reporter-output>
  <suite started-at="2021-12-17T22:22:12 EET" name="Default suite" finished-at="2021-12-17T22:22:17 EET" duration-ms="4592">
    <groups>
    </groups>
    <test started-at="2021-12-17T22:22:12 EET" name="Default test" finished-at="2021-12-17T22:22:17 EET" duration-ms="4592">
      <class name="tests.testExamples">
        <test-method signature="testGetAllPosts()[pri:0, instance:tests.testExamples@272ed83b]" started-at="2021-12-17T22:22:12 EET" name="testGetAllPosts" finished-at="2021-12-17T22:22:16 EET" duration-ms="3655" status="PASS">
          <reporter-output>
          </reporter-output>
        </test-method> <!-- testGetAllPosts -->
        <test-method signature="testGetPostById()[pri:0, instance:tests.testExamples@272ed83b]" started-at="2021-12-17T22:22:16 EET" name="testGetPostById" finished-at="2021-12-17T22:22:16 EET" duration-ms="335" status="PASS">
          <reporter-output>
          </reporter-output>
        </test-method> <!-- testGetPostById -->
        <test-method signature="testPost()[pri:0, instance:tests.testExamples@272ed83b]" started-at="2021-12-17T22:22:16 EET" name="testPost" finished-at="2021-12-17T22:22:17 EET" duration-ms="537" status="PASS">
          <reporter-output>
          </reporter-output>
        </test-method> <!-- testPost -->
      </class> <!-- tests.testExamples -->
    </test> <!-- Default test -->
  </suite> <!-- Default suite -->
</testng-results>
