<?xml version="1.0" encoding="UTF-8"?>
<!-- Generated by org.testng.reporters.JUnitXMLReporter -->
<testsuite ignored="0" hostname="rd-mabdelkader" failures="0" tests="3" name="Default test" time="4.592" errors="0" timestamp="2021-12-17T22:22:17 EET">
  <testcase classname="tests.testExamples" name="testGetAllPosts" time="3.655"/>
  <testcase classname="tests.testExamples" name="testGetPostById" time="0.335"/>
  <testcase classname="tests.testExamples" name="testPost" time="0.537"/>
</testsuite> <!-- Default test -->
